SQL> select *
  2  from table(dbms_xplan.display_sql_plan_baseline(sql_handle=>'SQL_2044b318726d1c30'))
  3  /

PLAN_TABLE_OUTPUT
------------------------------------------------------------------------------------------------------------------------------------------------------

--------------------------------------------------------------------------------
SQL handle: SQL_2044b318726d1c30
SQL text: select /* SPM_TEST_QUERY_Q1 */ sum(t2.amount) from   sales_area1 t1,
                sales_area2 t2 where  t1.sale_code = t2.sale_code and
          t1.sale_type  = 1
--------------------------------------------------------------------------------

--------------------------------------------------------------------------------
Plan name: SQL_PLAN_20j5m31t6u71h5ef7a68d         Plan id: 3516044501
Enabled: YES     Fixed: NO      Accepted: YES     Origin: FOREGROUND-CAPTURE
Plan rows: From Auto SQL Tuning Set
--------------------------------------------------------------------------------

Plan hash value: 3516044501

---------------------------------------------------------------------------------------------
| Id  | Operation                | Name             | Rows  | Bytes | Cost (%CPU)| Time     |
---------------------------------------------------------------------------------------------
|   0 | SELECT STATEMENT         |                  |       |       |   108K(100)|          |
|   1 |  SORT AGGREGATE          |                  |     1 |    17 |            |          |
|*  2 |   HASH JOIN              |                  |    40M|   648M|   108K  (1)| 00:00:05 |
|*  3 |    VIEW                  | index$_join$_001 | 20000 |   136K|    47   (9)| 00:00:01 |
|*  4 |     HASH JOIN            |                  |       |       |            |          |
|*  5 |      INDEX RANGE SCAN    | SALES_TYP1I      | 20000 |   136K|     1   (0)| 00:00:01 |
|   6 |      INDEX FAST FULL SCAN| SALES_AREA1I     | 20000 |   136K|    52   (0)| 00:00:01 |
|   7 |    TABLE ACCESS FULL     | SALES_AREA2      |  2000K|    19M|   108K  (1)| 00:00:05 |
---------------------------------------------------------------------------------------------

Predicate Information (identified by operation id):
---------------------------------------------------

   2 - access("T1"."SALE_CODE"="T2"."SALE_CODE")
   3 - filter("T1"."SALE_TYPE"=1)
   4 - access(ROWID=ROWID)
   5 - access("T1"."SALE_TYPE"=1)

--------------------------------------------------------------------------------
Plan name: SQL_PLAN_20j5m31t6u71h8059011b         Plan id: 2153316635
Enabled: YES     Fixed: NO      Accepted: NO      Origin: FOREGROUND-CAPTURE
Plan rows: From re-compilation
--------------------------------------------------------------------------------

Plan hash value: 1785747100

-----------------------------------------------------------------------------------
| Id  | Operation           | Name        | Rows  | Bytes | Cost (%CPU)| Time     |
-----------------------------------------------------------------------------------
|   0 | SELECT STATEMENT    |             |     1 |    17 |   217K  (1)| 00:00:09 |
|   1 |  SORT AGGREGATE     |             |     1 |    17 |            |          |
|*  2 |   HASH JOIN         |             |    40M|   648M|   217K  (1)| 00:00:09 |
|*  3 |    TABLE ACCESS FULL| SALES_AREA1 | 20000 |   136K|   108K  (1)| 00:00:05 |
|   4 |    TABLE ACCESS FULL| SALES_AREA2 |  2000K|    19M|   108K  (1)| 00:00:05 |
-----------------------------------------------------------------------------------

Predicate Information (identified by operation id):
---------------------------------------------------

   2 - access("T1"."SALE_CODE"="T2"."SALE_CODE")
   3 - filter("T1"."SALE_TYPE"=1)

60 rows selected.
