SQL> @step2
SQL> @@flush
SQL> alter system flush shared_pool;

System altered.

Elapsed: 00:00:00.18
SQL> @@cost_good
SQL> --
SQL> -- Pick a non default value that will nevertheless give us a good plan
SQL> --
SQL> alter session set optimizer_index_cost_adj = 1
  2  /

Session altered.

Elapsed: 00:00:00.00
SQL> --
SQL> -- The Note section indicates real-time SPM is active
SQL> -- This new plan is better than the old plan, and we
SQL> -- want real-time SPM to enforce it
SQL> --
SQL> @@q
SQL> set timing on
SQL> 
SQL> set echo on
SQL> select /* SPM_TEST_QUERY_Q1 */ sum(t2.amount)
  2  from   sales_area1 t1,
  3         sales_area2 t2
  4  where  t1.sale_code = t2.sale_code
  5  and    t1.sale_type  = 1;

SUM(T2.AMOUNT)
--------------
    3.9996E+10

Elapsed: 00:00:02.02
SQL> set echo off

PLAN_TABLE_OUTPUT
----------------------------------------------------------------------------------------------------------------------------------
SQL_ID  g6hqazvppxq6m, child number 0
-------------------------------------
select /* SPM_TEST_QUERY_Q1 */ sum(t2.amount) from   sales_area1 t1,
    sales_area2 t2 where  t1.sale_code = t2.sale_code and
t1.sale_type  = 1

Plan hash value: 3516044501

---------------------------------------------------------------------------------------------
| Id  | Operation                | Name             | Rows  | Bytes | Cost (%CPU)| Time     |
---------------------------------------------------------------------------------------------
|   0 | SELECT STATEMENT         |                  |       |       |   108K(100)|          |
|   1 |  SORT AGGREGATE          |                  |     1 |    17 |            |          |
|*  2 |   HASH JOIN              |                  |    40M|   648M|   108K  (1)| 00:00:05 |
|*  3 |    VIEW                  | index$_join$_001 | 20000 |   136K|    47   (9)| 00:00:01 |
|*  4 |     HASH JOIN            |                  |       |       |            |          |
|*  5 |      INDEX RANGE SCAN    | SALES_TYP1I      | 20000 |   136K|     1   (0)| 00:00:01 |
|   6 |      INDEX FAST FULL SCAN| SALES_AREA1I     | 20000 |   136K|    52   (0)| 00:00:01 |
|   7 |    TABLE ACCESS FULL     | SALES_AREA2      |  2000K|    19M|   108K  (1)| 00:00:05 |
---------------------------------------------------------------------------------------------

Predicate Information (identified by operation id):
---------------------------------------------------

   2 - access("T1"."SALE_CODE"="T2"."SALE_CODE")
   3 - filter("T1"."SALE_TYPE"=1)
   4 - access(ROWID=ROWID)
   5 - access("T1"."SALE_TYPE"=1)

Note
-----
   - This is SQL Plan Management Test Plan


33 rows selected.

Elapsed: 00:00:00.17
SQL> --
SQL> -- We'll force a hard parse so that the Note section will be
SQL> -- updated and allow us to see the SQL plan baseline explicitly
SQL> --
SQL> @@flush
SQL> alter system flush shared_pool;

System altered.

Elapsed: 00:00:00.09
SQL> @@q
SQL> set timing on
SQL> 
SQL> set echo on
SQL> select /* SPM_TEST_QUERY_Q1 */ sum(t2.amount)
  2  from   sales_area1 t1,
  3         sales_area2 t2
  4  where  t1.sale_code = t2.sale_code
  5  and    t1.sale_type  = 1;

SUM(T2.AMOUNT)
--------------
    3.9996E+10

Elapsed: 00:00:01.92
SQL> set echo off

PLAN_TABLE_OUTPUT
----------------------------------------------------------------------------------------------------------------------------------
SQL_ID  g6hqazvppxq6m, child number 0
-------------------------------------
select /* SPM_TEST_QUERY_Q1 */ sum(t2.amount) from   sales_area1 t1,
    sales_area2 t2 where  t1.sale_code = t2.sale_code and
t1.sale_type  = 1

Plan hash value: 3516044501

---------------------------------------------------------------------------------------------
| Id  | Operation                | Name             | Rows  | Bytes | Cost (%CPU)| Time     |
---------------------------------------------------------------------------------------------
|   0 | SELECT STATEMENT         |                  |       |       |   108K(100)|          |
|   1 |  SORT AGGREGATE          |                  |     1 |    17 |            |          |
|*  2 |   HASH JOIN              |                  |    40M|   648M|   108K  (1)| 00:00:05 |
|*  3 |    VIEW                  | index$_join$_001 | 20000 |   136K|    47   (9)| 00:00:01 |
|*  4 |     HASH JOIN            |                  |       |       |            |          |
|*  5 |      INDEX RANGE SCAN    | SALES_TYP1I      | 20000 |   136K|     1   (0)| 00:00:01 |
|   6 |      INDEX FAST FULL SCAN| SALES_AREA1I     | 20000 |   136K|    52   (0)| 00:00:01 |
|   7 |    TABLE ACCESS FULL     | SALES_AREA2      |  2000K|    19M|   108K  (1)| 00:00:05 |
---------------------------------------------------------------------------------------------

Predicate Information (identified by operation id):
---------------------------------------------------

   2 - access("T1"."SALE_CODE"="T2"."SALE_CODE")
   3 - filter("T1"."SALE_TYPE"=1)
   4 - access(ROWID=ROWID)
   5 - access("T1"."SALE_TYPE"=1)

Note
-----
   - SQL plan baseline SQL_PLAN_20j5m31t6u71h5ef7a68d used for this statement


33 rows selected.

Elapsed: 00:00:00.16
SQL> @@diag
SQL> column plan_name format a40
SQL> --
SQL> -- 'worse' means that a plan that's just been executed is worse than a plan in ASTS
SQL> -- 'better' means that a plan that's just been executed is better than a plan in ASTS
SQL> -- 'similar' means that a plan that's just been executed is similar in pperformance to the plan in ASTS - SQL plan baselines don't need to enforce a plan
SQL> -- 'normal' means a plan changed has been spotted and is being verified against a plan in ASTS
SQL> -- 'reverse' means a reverse verification check is being made to ensure the plan previously chosen from ASTS out-performs the previously-rejected new plan
SQL> --
SQL> select p.plan_name, p.foreground_last_verified, pfspm.status result, pfspm.ver verify_type
  2  from dba_sql_plan_baselines p,
  3      XMLTABLE(
  4           '/notes'
  5           passing xmltype(p.notes)
  6           columns
  7               plan_id         NUMBER    path 'plan_id',
  8               flags           NUMBER    path 'flags',
  9               fg_spm          XMLType   path 'fg_spm') pf,
 10       XMLTABLE(
 11           '/fg_spm'
 12           passing pf.fg_spm
 13           columns
 14               ver             VARCHAR2(8)    path 'ver',
 15               status          VARCHAR2(8)    path 'status') pfspm
 16  where notes is not null
 17  and sql_text like 'select /* SPM_TEST_QUERY_Q1%'
 18  order by p.foreground_last_verified
 19  ;

PLAN_NAME                                FOREGROUND_LAST_VERIFIED                                                    RESULT   VERIFY_T
---------------------------------------- --------------------------------------------------------------------------- -------- --------
SQL_PLAN_20j5m31t6u71h5ef7a68d           06-JUN-25 02.57.28.000000 PM                                                better   normal

Elapsed: 00:00:00.11
SQL> 
SQL> spool off
